2025-09-17 11:24:44,216 INFO   検証元シナリオ。バージョン：[Japan Connectathon 2025 - Tokyo]、付帯情報：[2025 日本コネクタソン]
2025-09-17 11:24:44,216 INFO   テストが開始されました。シナリオID：[IHEJ-SWF_MODRISPACS]、対象アクタ：[AM]
2025-09-17 11:24:44,216 INFO   
2025-09-17 11:24:47,807 INFO   ステップ1が実行されました。【送信】：AM、【受信】：OF、【説明】：Modality Worklist (OF -> AM)
2025-09-17 11:24:47,807 INFO   受信の実行（コマンド：C-FIND-RSP）
2025-09-17 11:25:14,367 INFO   
2025-09-17 11:24:54,615 INFO   Dicom3 Script Runner Server Start
2025-09-17 11:24:55,305 INFO   change ImplementationClassUID. ClassUID=1.2.392.200036.8120.101.9
2025-09-17 11:24:55,305 INFO   change ImplementationVersionName. VersionName=Monocube1.0.0.0
2025-09-17 11:24:59,094 INFO   Recieve Start
2025-09-17 11:25:12,528 INFO   (0000,0000) GroupLength,UL,*1,#4,[70]
2025-09-17 11:25:12,542 INFO   (0000,0002) AffectedSOPClassUID,UI,*1,#22,[1.2.840.10008.5.1.4.31]
2025-09-17 11:25:12,549 INFO   (0000,0100) CommandField,US,*1,#2,[32]
2025-09-17 11:25:12,550 INFO   (0000,0110) MessageID,US,*1,#2,[1]
2025-09-17 11:25:12,551 INFO   (0000,0700) Priority,US,*1,#2,[2]
2025-09-17 11:25:12,552 INFO   (0000,0800) DataSetType,US,*1,#2,[1]
2025-09-17 11:25:12,595 INFO   P10ファイル保存[C:\Program Files (x86)\IHEJ\ScenarioLauncher\BIN\Work\20250917_000001\1\20250917_112512590_SCP_REQ.dcm]
2025-09-17 11:25:12,825 INFO   Recieve End
2025-09-17 11:25:13,237 INFO   Send Start
2025-09-17 11:25:13,237 INFO   -----------------------------------------------
2025-09-17 11:25:13,248 INFO   (0000,0002) AffectedSOPClassUID,UI,*1,#22,[1.2.840.10008.5.1.4.31]
2025-09-17 11:25:13,249 INFO   (0000,0100) CommandField,US,*1,#2,[32800]
2025-09-17 11:25:13,250 INFO   (0000,0120) MessageIDToBeingRespondedTo,US,*1,#2,[1]
2025-09-17 11:25:13,251 INFO   (0000,0900) Status,US,*1,#2,[65280]
2025-09-17 11:25:13,253 INFO   (0000,0800) DataSetType,US,*1,#2,[0]
2025-09-17 11:25:13,261 INFO   -----------------------------------------------
2025-09-17 11:25:13,262 INFO   (0000,0002) AffectedSOPClassUID,UI,*1,#22,[1.2.840.10008.5.1.4.31]
2025-09-17 11:25:13,263 INFO   (0000,0100) CommandField,US,*1,#2,[32800]
2025-09-17 11:25:13,263 INFO   (0000,0120) MessageIDToBeingRespondedTo,US,*1,#2,[1]
2025-09-17 11:25:13,263 INFO   (0000,0900) Status,US,*1,#2,[0]
2025-09-17 11:25:13,264 INFO   create Dimese without dataset. because input dataset is null.
2025-09-17 11:25:13,264 INFO   (0000,0800) DataSetType,US,*1,#2,[257]
2025-09-17 11:25:13,264 INFO   Responce Send[2]
2025-09-17 11:25:13,265 INFO   P10ファイル保存[C:\Program Files (x86)\IHEJ\ScenarioLauncher\BIN\Work\20250917_000001\1\20250917_112513264_SCP_RES_0.dcm]
2025-09-17 11:25:13,280 INFO   can't create part10 file. because input dataset is null.
2025-09-17 11:25:13,282 INFO   Send End
2025-09-17 11:25:13,282 INFO   this.service.ActiveAssoc.Association.Stop()
2025-09-17 11:25:13,284 INFO   wait Release Association Request. timeout=500msec
2025-09-17 11:25:13,857 INFO   Dicom3 Script Runner Server End

2025-09-17 11:25:14,370 INFO   ============ステップ1実行結果============
2025-09-17 11:25:15,800 INFO   アプリケーション情報：実行回数指定が無いため、受信を1回実行します。
2025-09-17 11:25:15,801 INFO   アプリケーション情報：ポート (11114) で待ち受けを開始します。
2025-09-17 11:25:15,801 INFO   アプリケーション情報：受信電文を (C:\Program Files (x86)\IHEJ\ScenarioLauncher\BIN\Work\20250917_000001\1\20250917_112512590_SCP_REQ.dcm) に保存しました。
2025-09-17 11:25:15,801 INFO   アプリケーション情報：編集元送信対象ファイル (C:\Program Files (x86)\IHEJ\ScenarioLauncher\BIN\Work\20250917_000001\1\C-FIND-RSP_MWM_1.dcm)
2025-09-17 11:25:15,801 INFO   アプリケーション情報：指定位置 (0040,0100/0008,0060) の値 (CR) を (OT) に置換します。
2025-09-17 11:25:15,801 INFO   アプリケーション情報：指定位置 (0040,0100/0040,0002) の値 (20110731) を (20250917) に置換します。
2025-09-17 11:25:15,801 INFO   アプリケーション情報：指定位置 (0008,0050) の値 (A20110731123000) を (A20110730123000) に置換します。
2025-09-17 11:25:15,801 INFO   アプリケーション情報：指定位置 (0010,0010) の値 (FUKUOKA^CHIHIRO=福岡^千尋=フクオカ^チヒロ) を (FUKUOKA^CHIHIRO=福岡^千尋=フクオカ^チヒロ) に置換します。
2025-09-17 11:25:15,801 INFO   アプリケーション情報：指定位置 (0010,0020) の値 (1234567890) を (1234567890) に置換します。
2025-09-17 11:25:15,801 INFO   アプリケーション情報：指定位置 (0010,0030) の値 (19800502) を (19800502) に置換します。
2025-09-17 11:25:15,801 INFO   アプリケーション情報：指定位置 (0010,0040) の値 (M) を (M) に置換します。
2025-09-17 11:25:15,801 INFO   アプリケーション情報：指定位置 (0020,000D) の値 (1.2.392.200036.8120.101.20110731.1123000.2001) を (1.2.392.200036.8120.101.120110731123000.2976) に置換します。
2025-09-17 11:25:15,803 INFO   アプリケーション情報：送信対象ファイル (C:\Program Files (x86)\IHEJ\ScenarioLauncher\BIN\Work\20250917_000001\1\20250917_112513196_RCV_RES.dcm)
2025-09-17 11:25:15,803 INFO   アプリケーション情報：ポート (11114) をクローズしました。
2025-09-17 11:25:15,803 INFO   =========================================
2025-09-17 11:25:15,805 INFO   電文実行結果 総ファイル数=3
2025-09-17 11:25:15,805 INFO   ============電文20250917_112512590_SCP_REQ.result============
2025-09-17 11:25:15,807 INFO   バリデーションファイルパス：C:\Program Files (x86)\IHEJ\ScenarioLauncher\BIN\Scenario\RAD\Scenario02\Scenario\..\..\Common_dcm\TelegramValidation\CHARSET.xml
2025-09-17 11:25:15,807 INFO   【メッセージ】 電文バリデータ： 
                               【電文ファイル】 C:\Program Files (x86)\IHEJ\ScenarioLauncher\BIN\Work\20250917_000001\1\20250917_112512590_SCP_REQ.dcm 
                               【電文位置】 0008,0005 
                               【電文値】 ISO 2022 IR 6\ISO 2022 IR 87 
                               【比較先 電文位置】 \\ISO 2022 IR 87|ISO 2022 IR 6\\ISO 2022 IR 87 
                               【比較先 電文値】 \ISO 2022 IR 87|ISO 2022 IR 6\ISO 2022 IR 87 
                               【説明】 値 [ISO 2022 IR 6\ISO 2022 IR 87] は次の値 [\ISO 2022 IR 87, ISO 2022 IR 6\ISO 2022 IR 87] のいずれかと一致します。 

2025-09-17 11:25:15,807 INFO   =========================================
2025-09-17 11:25:15,807 INFO   ============電文20250917_112513264_SCP_RES_0.result============
2025-09-17 11:25:15,807 INFO   =========================================
2025-09-17 11:25:15,811 INFO   ステップ2が実行されました。【送信】：AM、【受信】：IM、【説明】：Store Images(AM -> IM)
2025-09-17 11:25:15,811 INFO   受信の実行（コマンド：C-STORE-RSP）
2025-09-17 11:25:27,300 INFO   
2025-09-17 11:25:16,393 INFO   Dicom3 Script Runner Server Start
2025-09-17 11:25:16,393 INFO   change ImplementationClassUID. ClassUID=1.2.392.200036.8120.101.9
2025-09-17 11:25:16,393 INFO   change ImplementationVersionName. VersionName=Monocube1.0.0.0
2025-09-17 11:25:16,393 INFO   Recieve Start
2025-09-17 11:25:26,712 INFO   (0000,0000) GroupLength,UL,*1,#4,[146]
2025-09-17 11:25:26,713 INFO   (0000,0002) AffectedSOPClassUID,UI,*1,#26,[1.2.840.10008.5.1.4.1.1.7]
2025-09-17 11:25:26,713 INFO   (0000,0100) CommandField,US,*1,#2,[1]
2025-09-17 11:25:26,713 INFO   (0000,0110) MessageID,US,*1,#2,[1]
2025-09-17 11:25:26,713 INFO   (0000,0700) Priority,US,*1,#2,[2]
2025-09-17 11:25:26,714 INFO   (0000,0800) DataSetType,US,*1,#2,[1]
2025-09-17 11:25:26,714 INFO   (0000,1000) AffectedSOPInstanceUID,UI,*1,#64,[1.2.826.0.1.3680043.8.498.61966722878785789982407600758122813633]
2025-09-17 11:25:26,720 INFO   P10ファイル保存[C:\Program Files (x86)\IHEJ\ScenarioLauncher\BIN\Work\20250917_000001\2\20250917_112526720_SCP_REQ.dcm]
2025-09-17 11:25:26,729 INFO   Recieve End
2025-09-17 11:25:26,752 INFO   Send Start
2025-09-17 11:25:26,752 INFO   -----------------------------------------------
2025-09-17 11:25:26,752 INFO   (0000,0002) AffectedSOPClassUID,UI,*1,#26,[1.2.840.10008.5.1.4.1.1.7]
2025-09-17 11:25:26,752 INFO   (0000,0100) CommandField,US,*1,#2,[32769]
2025-09-17 11:25:26,752 INFO   (0000,0120) MessageIDToBeingRespondedTo,US,*1,#2,[1]
2025-09-17 11:25:26,753 INFO   (0000,0900) Status,US,*1,#2,[0]
2025-09-17 11:25:26,753 INFO   (0000,1000) AffectedSOPInstanceUID,UI,*1,#64,[1.2.826.0.1.3680043.8.498.61966722878785789982407600758122813633]
2025-09-17 11:25:26,754 INFO   create Dimese without dataset. because input dataset is null.
2025-09-17 11:25:26,754 INFO   (0000,0800) DataSetType,US,*1,#2,[257]
2025-09-17 11:25:26,754 INFO   Responce Send[1]
2025-09-17 11:25:26,755 INFO   can't create part10 file. because input dataset is null.
2025-09-17 11:25:26,756 INFO   Send End
2025-09-17 11:25:26,756 INFO   this.service.ActiveAssoc.Association.Stop()
2025-09-17 11:25:26,757 INFO   wait Release Association Request. timeout=500msec
2025-09-17 11:25:27,273 INFO   Dicom3 Script Runner Server End

2025-09-17 11:25:27,303 INFO   ============ステップ2実行結果============
2025-09-17 11:25:27,303 INFO   アプリケーション情報：ポート (11113) で待ち受けを開始します。
2025-09-17 11:25:27,303 INFO   アプリケーション情報：受信電文を (C:\Program Files (x86)\IHEJ\ScenarioLauncher\BIN\Work\20250917_000001\2\20250917_112526720_SCP_REQ.dcm) に保存しました。
2025-09-17 11:25:27,303 INFO   アプリケーション情報：ポート (11113) をクローズしました。
2025-09-17 11:25:27,303 INFO   =========================================
2025-09-17 11:25:27,305 INFO   電文実行結果 総ファイル数=2
2025-09-17 11:25:27,305 INFO   ============電文20250917_112526720_SCP_REQ.result============
2025-09-17 11:25:27,305 INFO   バリデーションファイルパス：C:\Program Files (x86)\IHEJ\ScenarioLauncher\BIN\Scenario\RAD\Scenario02\Scenario\..\..\Common_dcm\TelegramValidation\CHARSET.xml
2025-09-17 11:25:27,305 INFO   【メッセージ】 電文バリデータ： 
                               【電文ファイル】 C:\Program Files (x86)\IHEJ\ScenarioLauncher\BIN\Work\20250917_000001\2\20250917_112526720_SCP_REQ.dcm 
                               【電文位置】 0008,0005 
                               【電文値】 ISO 2022 IR 6\ISO 2022 IR 87 
                               【比較先 電文位置】 \\ISO 2022 IR 87|ISO 2022 IR 6\\ISO 2022 IR 87 
                               【比較先 電文値】 \ISO 2022 IR 87|ISO 2022 IR 6\ISO 2022 IR 87 
                               【説明】 値 [ISO 2022 IR 6\ISO 2022 IR 87] は次の値 [\ISO 2022 IR 87, ISO 2022 IR 6\ISO 2022 IR 87] のいずれかと一致します。 

2025-09-17 11:25:27,305 INFO   バリデーションファイルパス：C:\Program Files (x86)\IHEJ\ScenarioLauncher\BIN\Scenario\RAD\Scenario02\Scenario\..\..\Common_dcm\TelegramValidation\C-STORE-RQ-SWF.xml
2025-09-17 11:25:27,306 INFO   【メッセージ】 電文バリデータ： 
                               【電文ファイル】 C:\Program Files (x86)\IHEJ\ScenarioLauncher\BIN\Work\20250917_000001\2\20250917_112526720_SCP_REQ.dcm 
                               【電文位置】 0008,0050 
                               【電文値】  
                               【説明】 構成要素が存在します。 

2025-09-17 11:25:27,306 INFO   【メッセージ】 電文バリデータ： 
                               【電文ファイル】 C:\Program Files (x86)\IHEJ\ScenarioLauncher\BIN\Work\20250917_000001\2\20250917_112526720_SCP_REQ.dcm 
                               【電文位置】 0008,0060 
                               【電文値】 OT 
                               【説明】 値が設定されています。 

2025-09-17 11:25:27,306 INFO   【メッセージ】 電文バリデータ： 
                               【電文ファイル】 C:\Program Files (x86)\IHEJ\ScenarioLauncher\BIN\Work\20250917_000001\2\20250917_112526720_SCP_REQ.dcm 
                               【電文位置】 0010,0010 
                               【電文値】  
                               【説明】 構成要素が存在します。 

2025-09-17 11:25:27,306 INFO   【メッセージ】 電文バリデータ： 
                               【電文ファイル】 C:\Program Files (x86)\IHEJ\ScenarioLauncher\BIN\Work\20250917_000001\2\20250917_112526720_SCP_REQ.dcm 
                               【電文位置】 0010,0020 
                               【電文値】 1234567890 
                               【比較先 値】 10 
                               【説明】 指定数[10]と一致します。[1234567890] 

2025-09-17 11:25:27,306 INFO   【メッセージ】 電文バリデータ： 
                               【電文ファイル】 C:\Program Files (x86)\IHEJ\ScenarioLauncher\BIN\Work\20250917_000001\2\20250917_112526720_SCP_REQ.dcm 
                               【電文位置】 0010,0030 
                               【電文値】  
                               【説明】 構成要素が存在します。 

2025-09-17 11:25:27,306 INFO   【メッセージ】 電文バリデータ： 
                               【電文ファイル】 C:\Program Files (x86)\IHEJ\ScenarioLauncher\BIN\Work\20250917_000001\2\20250917_112526720_SCP_REQ.dcm 
                               【電文位置】 0010,0040 
                               【電文値】  
                               【説明】 構成要素が存在します。 

2025-09-17 11:25:27,306 INFO   【メッセージ】 電文バリデータ： 
                               【電文ファイル】 C:\Program Files (x86)\IHEJ\ScenarioLauncher\BIN\Work\20250917_000001\2\20250917_112526720_SCP_REQ.dcm 
                               【電文位置】 0020,000D 
                               【電文値】 1.2.826.0.1.3680043.8.498.20341832658827109884585823838726249535 
                               【説明】 値が設定されています。 

2025-09-17 11:25:27,306 INFO   =========================================
2025-09-17 11:25:27,308 INFO   ステップ3が実行されました。【送信】：AM、【受信】：IM、【説明】：Storage Commitment Request(AM -> IM)
2025-09-17 11:25:27,308 INFO   受信の実行（コマンド：N-ACTION-RSP）
2025-09-17 11:25:28,479 INFO   
2025-09-17 11:25:27,868 INFO   Dicom3 Script Runner Server Start
2025-09-17 11:25:27,868 INFO   change ImplementationClassUID. ClassUID=1.2.392.200036.8120.101.9
2025-09-17 11:25:27,868 INFO   change ImplementationVersionName. VersionName=Monocube1.0.0.0
2025-09-17 11:25:27,870 INFO   Recieve Start
2025-09-17 11:25:28,300 INFO   (0000,0000) GroupLength,UL,*1,#4,[98]
2025-09-17 11:25:28,300 INFO   (0000,0003) RequestedSOPClassUID,UI,*1,#20,[1.2.840.10008.1.20.1]
2025-09-17 11:25:28,301 INFO   (0000,0100) CommandField,US,*1,#2,[304]
2025-09-17 11:25:28,301 INFO   (0000,0110) MessageID,US,*1,#2,[1]
2025-09-17 11:25:28,301 INFO   (0000,0800) DataSetType,US,*1,#2,[1]
2025-09-17 11:25:28,301 INFO   (0000,1001) RequestedSOPInstanceUID,UI,*1,#22,[1.2.840.10008.1.20.1.1]
2025-09-17 11:25:28,304 INFO   (0000,1008) ActionTypeID,US,*1,#2,[1]
2025-09-17 11:25:28,306 INFO   P10ファイル保存[C:\Program Files (x86)\IHEJ\ScenarioLauncher\BIN\Work\20250917_000001\3\20250917_112528306_SCP_REQ.dcm]
2025-09-17 11:25:28,308 INFO   Recieve End
2025-09-17 11:25:28,349 INFO   Send Start
2025-09-17 11:25:28,349 INFO   -----------------------------------------------
2025-09-17 11:25:28,350 INFO   (0000,0002) AffectedSOPClassUID,UI,*1,#20,[1.2.840.10008.1.20.1]
2025-09-17 11:25:28,350 INFO   (0000,0100) CommandField,US,*1,#2,[33072]
2025-09-17 11:25:28,350 INFO   (0000,0120) MessageIDToBeingRespondedTo,US,*1,#2,[1]
2025-09-17 11:25:28,350 INFO   (0000,0900) Status,US,*1,#2,[0]
2025-09-17 11:25:28,350 INFO   (0000,1000) AffectedSOPInstanceUID,UI,*1,#22,[1.2.840.10008.1.20.1.1]
2025-09-17 11:25:28,351 INFO   (0000,1008) ActionTypeID,US,*1,#2,[1]
2025-09-17 11:25:28,352 INFO   (0000,0800) DataSetType,US,*1,#2,[0]
2025-09-17 11:25:28,352 INFO   Responce Send[1]
2025-09-17 11:25:28,352 INFO   P10ファイル保存[C:\Program Files (x86)\IHEJ\ScenarioLauncher\BIN\Work\20250917_000001\3\20250917_112528352_SCP_RES_0.dcm]
2025-09-17 11:25:28,354 INFO   Send End
2025-09-17 11:25:28,459 INFO   Dicom3 Script Runner Server End

2025-09-17 11:25:28,481 INFO   ============ステップ3実行結果============
2025-09-17 11:25:28,481 INFO   アプリケーション情報：実行回数指定が無いため、受信を1回実行します。
2025-09-17 11:25:28,481 INFO   アプリケーション情報：ポート (11113) で待ち受けを開始します。
2025-09-17 11:25:28,481 INFO   アプリケーション情報：受信電文を (C:\Program Files (x86)\IHEJ\ScenarioLauncher\BIN\Work\20250917_000001\3\20250917_112528306_SCP_REQ.dcm) に保存しました。
2025-09-17 11:25:28,481 INFO   アプリケーション情報：編集元送信対象ファイル (C:\Program Files (x86)\IHEJ\ScenarioLauncher\BIN\Work\20250917_000001\3\20250917_112528306_SCP_REQ.dcm)
2025-09-17 11:25:28,481 INFO   アプリケーション情報：指定位置 (TV_IM_TRANSACTIONUID) の値 (1.2.826.0.1.3680043.8.498.83942204895302313898419156115916511083) を (1.2.826.0.1.3680043.8.498.83942204895302313898419156115916511083) に置換します。
2025-09-17 11:25:28,482 INFO   アプリケーション情報：送信対象ファイル (C:\Program Files (x86)\IHEJ\ScenarioLauncher\BIN\Work\20250917_000001\3\20250917_112528348_RCV_RES.dcm)
2025-09-17 11:25:28,482 INFO   アプリケーション情報：ポート (11113) をクローズしました。
2025-09-17 11:25:28,482 INFO   =========================================
2025-09-17 11:25:28,484 INFO   電文実行結果 総ファイル数=2
2025-09-17 11:25:28,484 INFO   ============電文20250917_112528306_SCP_REQ.result============
2025-09-17 11:25:28,484 INFO   バリデーションファイルパス：C:\Program Files (x86)\IHEJ\ScenarioLauncher\BIN\Scenario\RAD\Scenario02\Scenario\..\..\Common_dcm\TelegramValidation\StorageCommitment-NA-RQ.xml
2025-09-17 11:25:28,485 INFO   【メッセージ】 電文バリデータ： 
                               【電文ファイル】 C:\Program Files (x86)\IHEJ\ScenarioLauncher\BIN\Work\20250917_000001\3\20250917_112528306_SCP_REQ.dcm 
                               【電文位置】 0008,1195 
                               【電文値】 1.2.826.0.1.3680043.8.498.83942204895302313898419156115916511083 
                               【説明】 値が設定されています。 

2025-09-17 11:25:28,485 INFO   【メッセージ】 電文バリデータ： 
                               【電文ファイル】 C:\Program Files (x86)\IHEJ\ScenarioLauncher\BIN\Work\20250917_000001\3\20250917_112528306_SCP_REQ.dcm 
                               【電文位置】 0008,1199/0008,1150 
                               【電文値】 1.2.840.10008.5.1.4.1.1.7 
                               【比較先 電文位置】 TV_IM_CLASSUID 
                               【比較先 電文値】 1.2.840.10008.5.1.4.1.1.7 
                               【説明】 値 [1.2.840.10008.5.1.4.1.1.7] は次の値 [1.2.840.10008.5.1.4.1.1.7] と一致します。 

2025-09-17 11:25:28,485 INFO   【メッセージ】 電文バリデータ： 
                               【電文ファイル】 C:\Program Files (x86)\IHEJ\ScenarioLauncher\BIN\Work\20250917_000001\3\20250917_112528306_SCP_REQ.dcm 
                               【電文位置】 0008,1199/0008,1155 
                               【電文値】 1.2.826.0.1.3680043.8.498.61966722878785789982407600758122813633 
                               【比較先 電文位置】 TV_IM_INSTANCEUID 
                               【比較先 電文値】 1.2.826.0.1.3680043.8.498.61966722878785789982407600758122813633 
                               【説明】 値 [1.2.826.0.1.3680043.8.498.61966722878785789982407600758122813633] は次の値 [1.2.826.0.1.3680043.8.498.61966722878785789982407600758122813633] と一致します。 

2025-09-17 11:25:28,485 INFO   【メッセージ】 電文バリデータ： 
                               【電文ファイル】 C:\Program Files (x86)\IHEJ\ScenarioLauncher\BIN\Work\20250917_000001\3\20250917_112528306_SCP_REQ.dcm 
                               【電文位置】 0000,1001 
                               【電文値】 1.2.840.10008.1.20.1.1 
                               【比較先 電文位置】 1.2.840.10008.1.20.1.1 
                               【比較先 電文値】 1.2.840.10008.1.20.1.1 
                               【説明】 値 [1.2.840.10008.1.20.1.1] は次の値 [1.2.840.10008.1.20.1.1] と一致します。 

2025-09-17 11:25:28,485 INFO   【メッセージ】 電文バリデータ： 
                               【電文ファイル】 C:\Program Files (x86)\IHEJ\ScenarioLauncher\BIN\Work\20250917_000001\3\20250917_112528306_SCP_REQ.dcm 
                               【電文位置】 0000,1008 
                               【電文値】 1 
                               【比較先 電文位置】 1 
                               【比較先 電文値】 1 
                               【説明】 値 [1] は次の値 [1] と一致します。 

2025-09-17 11:25:28,485 INFO   =========================================
2025-09-17 11:25:28,485 INFO   ============電文20250917_112528352_SCP_RES_0.result============
2025-09-17 11:25:28,485 INFO   =========================================
2025-09-17 11:25:28,487 INFO   ステップ4が実行されました。【送信】：IM、【受信】：AM、【説明】：Storage Commitment Response(IM -> AM)
2025-09-17 11:25:28,487 INFO   送信の実行（コマンド：N-EVENT-REPORT-RQ）
2025-09-17 11:25:37,270 INFO   
2025-09-17 11:25:34,548 INFO   AssociateRequest
2025-09-17 11:25:34,549 INFO   change ImplementationClassUID. ClassUID=1.2.392.200036.8120.101.9
2025-09-17 11:25:34,549 INFO   change ImplementationVersionName. VersionName=Monocube1.0.0.0
2025-09-17 11:25:34,555 INFO   OpenAssoc(); PCID=[0], Host=localhost, Port=11112, SOPClassUID=[1.2.840.10008.1.20.1], CalledAET=LTMONITOR, CallingAET=IM, TimeOut=300000ms
2025-09-17 11:25:36,618 INFO   ActiveAssociation start. PCID=[1]
2025-09-17 11:25:36,676 INFO   (0000,1000) AffectedSOPInstanceUID,UI,*1,#22,[1.2.840.10008.1.20.1.1]
2025-09-17 11:25:36,681 INFO   SendAndRecieve
2025-09-17 11:25:36,703 INFO   (0000,0002) AffectedSOPClassUID,UI,*1,#20,[1.2.840.10008.1.20.1]
2025-09-17 11:25:36,703 INFO   (0000,0100) CommandField,US,*1,#2,[256]
2025-09-17 11:25:36,705 INFO   (0000,0110) MessageID,US,*1,#2,[1]
2025-09-17 11:25:36,705 INFO   (0000,1002) EventTypeID,US,*1,#2,[1]
2025-09-17 11:25:36,709 INFO   (0000,0800) DataSetType,US,*1,#2,[0]
2025-09-17 11:25:36,712 INFO   P10ファイル保存[C:\Program Files (x86)\IHEJ\ScenarioLauncher\BIN\Work\20250917_000001\4\20250917_112536710_SCU_REQ.dcm]
2025-09-17 11:25:36,714 INFO   activeAssociation.Invoke(rq); Start
2025-09-17 11:25:36,715 INFO   FutureRSP Invoke Start
2025-09-17 11:25:36,717 INFO   Invoke Start
2025-09-17 11:25:36,719 INFO   Invoke End
2025-09-17 11:25:36,720 INFO   FutureRSP Invoke End
2025-09-17 11:25:36,720 INFO   activeAssociation.Invoke(rq); End
2025-09-17 11:25:36,723 INFO   (0000,0000) GroupLength,UL,*1,#4,[108]
2025-09-17 11:25:36,724 INFO   (0000,0002) AffectedSOPClassUID,UI,*1,#20,[1.2.840.10008.1.20.1]
2025-09-17 11:25:36,724 INFO   (0000,0100) CommandField,US,*1,#2,[33024]
2025-09-17 11:25:36,724 INFO   (0000,0120) MessageIDToBeingRespondedTo,US,*1,#2,[1]
2025-09-17 11:25:36,724 INFO   (0000,0800) DataSetType,US,*1,#2,[257]
2025-09-17 11:25:36,724 INFO   (0000,0900) Status,US,*1,#2,[0]
2025-09-17 11:25:36,725 INFO   (0000,1000) AffectedSOPInstanceUID,UI,*1,#22,[1.2.840.10008.1.20.1.1]
2025-09-17 11:25:36,725 INFO   (0000,1002) EventTypeID,US,*1,#2,[1]
2025-09-17 11:25:36,726 INFO   WaitOnRSP End
2025-09-17 11:25:36,728 INFO   can't create part10 file. because recieve data's dataset is null.
2025-09-17 11:25:36,735 INFO   Release Association.
2025-09-17 11:25:37,247 INFO   Clear save data. PCID=1

2025-09-17 11:25:37,272 INFO   ============ステップ4実行結果============
2025-09-17 11:25:37,272 INFO   アプリケーション情報：接続先 HOST (localhost) PORT (11112)
2025-09-17 11:25:37,272 INFO   アプリケーション情報：実行回数指定が無いため、送信を1回実行します。
2025-09-17 11:25:37,272 INFO   アプリケーション情報：指定位置 (0000,1000) のコマンドに (1.2.840.10008.1.20.1.1) をセットします。
2025-09-17 11:25:37,272 INFO   アプリケーション情報：編集元送信対象ファイル (C:\Program Files (x86)\IHEJ\ScenarioLauncher\BIN\Work\20250917_000001\4\N-EVENT-REPORT-RQ_SC_1.dcm)
2025-09-17 11:25:37,272 INFO   アプリケーション情報：送信対象ファイル (C:\Program Files (x86)\IHEJ\ScenarioLauncher\BIN\Work\20250917_000001\4\20250917_112536680_SND_REQ.dcm)
2025-09-17 11:25:37,272 INFO   アプリケーション情報：正常に接続を切断しました。
2025-09-17 11:25:37,273 INFO   =========================================
2025-09-17 11:25:37,274 INFO   電文実行結果 総ファイル数=2
2025-09-17 11:25:37,274 INFO   ============電文20250917_112536710_SCU_REQ.result============
2025-09-17 11:25:37,274 INFO   =========================================
2025-09-17 11:25:37,362 INFO   すべてのテストステップが終了しました。
